2025-12-29 20:48:30 - fabric_gsm_pipeline - INFO - ================================================================================
2025-12-29 20:48:30 - fabric_gsm_pipeline - INFO - FABRIC GSM PREDICTION PIPELINE START
2025-12-29 20:48:30 - fabric_gsm_pipeline - INFO - ================================================================================
2025-12-29 20:48:30 - fabric_gsm_pipeline - INFO - Loading configuration from configs\config.yaml
2025-12-29 20:48:30 - fabric_gsm_pipeline - INFO - STEP 1: Loading dataset and generating dummy labels...
2025-12-29 20:50:33 - fabric_gsm_pipeline - INFO - ================================================================================
2025-12-29 20:50:33 - fabric_gsm_pipeline - INFO - FABRIC GSM PREDICTION PIPELINE START
2025-12-29 20:50:33 - fabric_gsm_pipeline - INFO - ================================================================================
2025-12-29 20:50:33 - fabric_gsm_pipeline - INFO - Loading configuration from configs\config.yaml
2025-12-29 20:50:33 - fabric_gsm_pipeline - INFO - STEP 1: Loading dataset and generating dummy labels...
2025-12-29 20:50:33 - fabric_gsm_pipeline - INFO - Dataset info: 130 samples, GSM range: 85-250 g/m²
2025-12-29 20:50:33 - fabric_gsm_pipeline - INFO - STEP 2: Initializing preprocessing...
2025-12-29 20:50:33 - fabric_gsm_pipeline - INFO - STEP 3: Initializing feature extractors...
2025-12-29 20:51:05 - fabric_gsm_pipeline - INFO - STEP 4: Extracting features...
2025-12-29 20:51:05 - fabric_gsm_pipeline - INFO - Processing Training split (91 samples)...
2025-12-29 20:51:41 - fabric_gsm_pipeline - INFO - Processing Validation split (19 samples)...
2025-12-29 20:51:49 - fabric_gsm_pipeline - INFO - Processing Test split (20 samples)...
2025-12-29 20:51:57 - fabric_gsm_pipeline - INFO - Feature extraction complete:
2025-12-29 20:51:57 - fabric_gsm_pipeline - INFO -   Training: (91, 1371)
2025-12-29 20:51:57 - fabric_gsm_pipeline - INFO -   Validation: (19, 1371)
2025-12-29 20:51:57 - fabric_gsm_pipeline - INFO -   Test: (20, 1371)
2025-12-29 20:51:57 - fabric_gsm_pipeline - INFO - STEP 5: Fitting feature scaler...
2025-12-29 20:51:57 - fabric_gsm_pipeline - INFO - Feature scaling complete
2025-12-29 20:51:57 - fabric_gsm_pipeline - INFO - STEP 6: Training regression model...
2025-12-29 20:51:57 - fabric_gsm_pipeline - INFO - Model trained: random_forest
2025-12-29 20:51:57 - fabric_gsm_pipeline - INFO - STEP 7: Evaluating model...
2025-12-29 20:51:57 - fabric_gsm_pipeline - INFO - Training metrics: {'mae': 7.280253492539208, 'rmse': 11.247487084795376, 'r2': 0.9301413275180781}
2025-12-29 20:51:57 - fabric_gsm_pipeline - INFO - Validation metrics: {'mae': 15.578081415660384, 'rmse': 20.085034583846735, 'r2': 0.6383036873904973}
2025-12-29 20:51:57 - fabric_gsm_pipeline - INFO - Test metrics: {'mae': 16.11581459235209, 'rmse': 21.37268853583211, 'r2': 0.6435518917139238}
2025-12-29 20:51:57 - fabric_gsm_pipeline - INFO - STEP 8: Computing feature importance...
2025-12-29 20:51:57 - fabric_gsm_pipeline - INFO - Top 10 important features: {850: 0.18048756466567537, 1333: 0.13447403989558332, 617: 0.09544189323611368, 834: 0.02456458421934682, 300: 0.014431069586229311, 727: 0.013898448409991071, 1047: 0.013314240185374504, 522: 0.01212224480241329, 94: 0.011089301328873901, 986: 0.010904374716736977}
2025-12-29 20:51:57 - fabric_gsm_pipeline - INFO - STEP 9: Saving models and results...
2025-12-29 20:51:57 - fabric_gsm_pipeline - INFO - Predictions saved to results\predictions.csv
2025-12-29 20:51:57 - fabric_gsm_pipeline - INFO - ================================================================================
2025-12-29 20:51:57 - fabric_gsm_pipeline - INFO - PIPELINE COMPLETE
2025-12-29 20:51:57 - fabric_gsm_pipeline - INFO - ================================================================================
